<?xml version="1.0" encoding="UTF-8"?>
<testsuite name="mmpi.ApplicationTests" tests="1" skipped="0" failures="0" errors="0" timestamp="2023-01-19T14:21:44" hostname="Srdjans-Air" time="0.001">
  <properties/>
  <testcase name="contextLoads" classname="mmpi.ApplicationTests" time="0.001"/>
  <system-out><![CDATA[]]></system-out>
  <system-err><![CDATA[]]></system-err>
</testsuite>
